app/build/intermediates/manifest_merge_blame_file/debug/manifest-merger-blame-debug-report.txt
1<?xml version="1.0" encoding="utf-8"?>
2<manifest xmlns:android="http://schemas.android.com/apk/res/android"
3    package="pdf.dudepdftools"
4    android:versionCode="1"
5    android:versionName="1.0" >
6
7    <uses-sdk
8        android:minSdkVersion="21"
8-->src\main\AndroidManifest.xml
9        android:targetSdkVersion="29" />
9-->src\main\AndroidManifest.xml
10
11    <uses-permission android:name="android.permission.WRITE_EXTERNAL_STORAGE" />
11-->src\main\AndroidManifest.xml:6:5-81
11-->src\main\AndroidManifest.xml:6:22-78
12    <uses-permission android:name="android.permission.READ_EXTERNAL_STORAGE" />
12-->src\main\AndroidManifest.xml:7:5-80
12-->src\main\AndroidManifest.xml:7:22-77
13
14    <uses-feature
14-->src\main\AndroidManifest.xml:9:5-60
15        android:name="android.hardware.camera"
15-->src\main\AndroidManifest.xml:9:19-57
16        android:required="true" />
16-->[:scanner] AndroidManifest.xml:23:9-32
17    <uses-feature
17-->src\main\AndroidManifest.xml:10:5-12:36
18        android:name="android.hardware.camera.autofocus"
18-->src\main\AndroidManifest.xml:11:9-57
19        android:required="false" />
19-->src\main\AndroidManifest.xml:12:9-33
20
21    <uses-permission android:name="android.permission.CAMERA" />
21-->src\main\AndroidManifest.xml:14:5-65
21-->src\main\AndroidManifest.xml:14:22-62
22    <uses-permission android:name="android.permission.INTERNET" />
22-->[:scanner] AndroidManifest.xml:12:5-67
22-->[:scanner] AndroidManifest.xml:12:22-64
23    <uses-permission android:name="android.permission.ACCESS_NETWORK_STATE" />
23-->[:scanner] AndroidManifest.xml:14:5-79
23-->[:scanner] AndroidManifest.xml:14:22-76
24    <uses-permission android:name="android.permission.ACCESS_WIFI_STATE" />
24-->[:scanner] AndroidManifest.xml:15:5-76
24-->[:scanner] AndroidManifest.xml:15:22-73
25    <uses-permission android:name="android.permission.WAKE_LOCK" />
25-->[:scanner] AndroidManifest.xml:28:5-68
25-->[:scanner] AndroidManifest.xml:28:22-65
26    <uses-permission android:name="android.permission.RECEIVE_BOOT_COMPLETED" />
26-->[:scanner] AndroidManifest.xml:29:5-81
26-->[:scanner] AndroidManifest.xml:29:22-78
27    <uses-permission android:name="com.android.vending.BILLING" /> <!-- Create a unique permission for your app and use it so only your app can receive your OneSignal messages. -->
27-->[:scanner] AndroidManifest.xml:31:5-67
27-->[:scanner] AndroidManifest.xml:31:22-64
28    <permission
28-->[com.onesignal:OneSignal:4.4.0] AndroidManifest.xml:7:5-9:47
29        android:name="pdf.dudepdftools.permission.C2D_MESSAGE"
29-->[com.onesignal:OneSignal:4.4.0] AndroidManifest.xml:8:9-63
30        android:protectionLevel="signature" />
30-->[com.onesignal:OneSignal:4.4.0] AndroidManifest.xml:9:9-44
31
32    <uses-permission android:name="pdf.dudepdftools.permission.C2D_MESSAGE" /> <!-- c2dm RECEIVE are basic requirements for push messages through Google's FCM -->
32-->[com.onesignal:OneSignal:4.4.0] AndroidManifest.xml:11:5-79
32-->[com.onesignal:OneSignal:4.4.0] AndroidManifest.xml:11:22-76
33    <uses-permission android:name="com.google.android.c2dm.permission.RECEIVE" />
33-->[com.onesignal:OneSignal:4.4.0] AndroidManifest.xml:17:5-82
33-->[com.onesignal:OneSignal:4.4.0] AndroidManifest.xml:17:22-79
34    <!--
35 Required so the device vibrates on receiving a push notification.
36         Vibration settings of the device still apply.
37    -->
38    <uses-permission android:name="android.permission.VIBRATE" /> <!-- START: ShortcutBadger -->
38-->[com.onesignal:OneSignal:4.4.0] AndroidManifest.xml:23:5-66
38-->[com.onesignal:OneSignal:4.4.0] AndroidManifest.xml:23:22-63
39    <!-- Samsung -->
40    <uses-permission android:name="com.sec.android.provider.badge.permission.READ" />
40-->[com.onesignal:OneSignal:4.4.0] AndroidManifest.xml:31:5-86
40-->[com.onesignal:OneSignal:4.4.0] AndroidManifest.xml:31:22-83
41    <uses-permission android:name="com.sec.android.provider.badge.permission.WRITE" /> <!-- HTC -->
41-->[com.onesignal:OneSignal:4.4.0] AndroidManifest.xml:32:5-87
41-->[com.onesignal:OneSignal:4.4.0] AndroidManifest.xml:32:22-84
42    <uses-permission android:name="com.htc.launcher.permission.READ_SETTINGS" />
42-->[com.onesignal:OneSignal:4.4.0] AndroidManifest.xml:33:5-81
42-->[com.onesignal:OneSignal:4.4.0] AndroidManifest.xml:33:22-78
43    <uses-permission android:name="com.htc.launcher.permission.UPDATE_SHORTCUT" /> <!-- Sony -->
43-->[com.onesignal:OneSignal:4.4.0] AndroidManifest.xml:34:5-83
43-->[com.onesignal:OneSignal:4.4.0] AndroidManifest.xml:34:22-80
44    <uses-permission android:name="com.sonyericsson.home.permission.BROADCAST_BADGE" />
44-->[com.onesignal:OneSignal:4.4.0] AndroidManifest.xml:35:5-88
44-->[com.onesignal:OneSignal:4.4.0] AndroidManifest.xml:35:22-85
45    <uses-permission android:name="com.sonymobile.home.permission.PROVIDER_INSERT_BADGE" /> <!-- Apex -->
45-->[com.onesignal:OneSignal:4.4.0] AndroidManifest.xml:36:5-92
45-->[com.onesignal:OneSignal:4.4.0] AndroidManifest.xml:36:22-89
46    <uses-permission android:name="com.anddoes.launcher.permission.UPDATE_COUNT" /> <!-- Solid -->
46-->[com.onesignal:OneSignal:4.4.0] AndroidManifest.xml:37:5-84
46-->[com.onesignal:OneSignal:4.4.0] AndroidManifest.xml:37:22-81
47    <uses-permission android:name="com.majeur.launcher.permission.UPDATE_BADGE" /> <!-- Huawei -->
47-->[com.onesignal:OneSignal:4.4.0] AndroidManifest.xml:38:5-83
47-->[com.onesignal:OneSignal:4.4.0] AndroidManifest.xml:38:22-80
48    <uses-permission android:name="com.huawei.android.launcher.permission.CHANGE_BADGE" />
48-->[com.onesignal:OneSignal:4.4.0] AndroidManifest.xml:39:5-91
48-->[com.onesignal:OneSignal:4.4.0] AndroidManifest.xml:39:22-88
49    <uses-permission android:name="com.huawei.android.launcher.permission.READ_SETTINGS" />
49-->[com.onesignal:OneSignal:4.4.0] AndroidManifest.xml:40:5-92
49-->[com.onesignal:OneSignal:4.4.0] AndroidManifest.xml:40:22-89
50    <uses-permission android:name="com.huawei.android.launcher.permission.WRITE_SETTINGS" /> <!-- ZUK -->
50-->[com.onesignal:OneSignal:4.4.0] AndroidManifest.xml:41:5-93
50-->[com.onesignal:OneSignal:4.4.0] AndroidManifest.xml:41:22-90
51    <uses-permission android:name="android.permission.READ_APP_BADGE" /> <!-- OPPO -->
51-->[com.onesignal:OneSignal:4.4.0] AndroidManifest.xml:42:5-73
51-->[com.onesignal:OneSignal:4.4.0] AndroidManifest.xml:42:22-70
52    <uses-permission android:name="com.oppo.launcher.permission.READ_SETTINGS" />
52-->[com.onesignal:OneSignal:4.4.0] AndroidManifest.xml:43:5-82
52-->[com.onesignal:OneSignal:4.4.0] AndroidManifest.xml:43:22-79
53    <uses-permission android:name="com.oppo.launcher.permission.WRITE_SETTINGS" /> <!-- EvMe -->
53-->[com.onesignal:OneSignal:4.4.0] AndroidManifest.xml:44:5-83
53-->[com.onesignal:OneSignal:4.4.0] AndroidManifest.xml:44:22-80
54    <uses-permission android:name="me.everything.badger.permission.BADGE_COUNT_READ" />
54-->[com.onesignal:OneSignal:4.4.0] AndroidManifest.xml:45:5-88
54-->[com.onesignal:OneSignal:4.4.0] AndroidManifest.xml:45:22-85
55    <uses-permission android:name="me.everything.badger.permission.BADGE_COUNT_WRITE" />
55-->[com.onesignal:OneSignal:4.4.0] AndroidManifest.xml:46:5-89
55-->[com.onesignal:OneSignal:4.4.0] AndroidManifest.xml:46:22-86
56
57    <uses-feature
57-->[com.journeyapps:zxing-android-embedded:3.4.0] AndroidManifest.xml:27:5-29:36
58        android:name="android.hardware.camera.front"
58-->[com.journeyapps:zxing-android-embedded:3.4.0] AndroidManifest.xml:28:9-53
59        android:required="false" />
59-->[com.journeyapps:zxing-android-embedded:3.4.0] AndroidManifest.xml:29:9-33
60    <uses-feature
60-->[com.journeyapps:zxing-android-embedded:3.4.0] AndroidManifest.xml:35:5-37:36
61        android:name="android.hardware.camera.flash"
61-->[com.journeyapps:zxing-android-embedded:3.4.0] AndroidManifest.xml:36:9-53
62        android:required="false" />
62-->[com.journeyapps:zxing-android-embedded:3.4.0] AndroidManifest.xml:37:9-33
63    <uses-feature
63-->[com.journeyapps:zxing-android-embedded:3.4.0] AndroidManifest.xml:38:5-40:36
64        android:name="android.hardware.screen.landscape"
64-->[com.journeyapps:zxing-android-embedded:3.4.0] AndroidManifest.xml:39:9-57
65        android:required="false" />
65-->[com.journeyapps:zxing-android-embedded:3.4.0] AndroidManifest.xml:40:9-33
66    <uses-feature
66-->[com.journeyapps:zxing-android-embedded:3.4.0] AndroidManifest.xml:41:5-43:36
67        android:name="android.hardware.wifi"
67-->[com.journeyapps:zxing-android-embedded:3.4.0] AndroidManifest.xml:42:9-45
68        android:required="false" />
68-->[com.journeyapps:zxing-android-embedded:3.4.0] AndroidManifest.xml:43:9-33
69    <uses-feature
69-->[com.otaliastudios:cameraview:2.7.1] AndroidManifest.xml:28:5-30:36
70        android:name="android.hardware.microphone"
70-->[com.otaliastudios:cameraview:2.7.1] AndroidManifest.xml:29:9-51
71        android:required="false" />
71-->[com.otaliastudios:cameraview:2.7.1] AndroidManifest.xml:30:9-33
72
73    <uses-permission android:name="android.permission.FOREGROUND_SERVICE" />
73-->[androidx.work:work-runtime:2.8.0-alpha01] AndroidManifest.xml:28:5-77
73-->[androidx.work:work-runtime:2.8.0-alpha01] AndroidManifest.xml:28:22-74
74
75    <application
75-->src\main\AndroidManifest.xml:16:5-102:19
76        android:name="pdf.dudepdftools.util.PDFApplication"
76-->src\main\AndroidManifest.xml:17:9-44
77        android:allowBackup="true"
77-->src\main\AndroidManifest.xml:18:9-35
78        android:appComponentFactory="androidx.core.app.CoreComponentFactory"
78-->[androidx.core:core:1.6.0] AndroidManifest.xml:24:18-86
79        android:debuggable="true"
80        android:fullBackupContent="@xml/backup_descriptor"
80-->src\main\AndroidManifest.xml:19:9-59
81        android:hardwareAccelerated="true"
81-->src\main\AndroidManifest.xml:20:9-43
82        android:icon="@drawable/pw_logo"
82-->src\main\AndroidManifest.xml:21:9-41
83        android:label="@string/app_name"
83-->src\main\AndroidManifest.xml:22:9-41
84        android:largeHeap="true"
84-->src\main\AndroidManifest.xml:23:9-33
85        android:requestLegacyExternalStorage="true"
85-->src\main\AndroidManifest.xml:24:9-52
86        android:roundIcon="@drawable/pw_logo"
86-->src\main\AndroidManifest.xml:25:9-46
87        android:supportsRtl="true"
87-->src\main\AndroidManifest.xml:26:9-35
88        android:testOnly="true"
89        android:theme="@style/AppThemeWhite"
89-->src\main\AndroidManifest.xml:27:9-45
90        android:usesCleartextTraffic="true" >
90-->[:scanner] AndroidManifest.xml:40:9-44
91        <activity
91-->src\main\AndroidManifest.xml:29:9-31:40
92            android:name="pdf.dudepdftools.activity.ImagePickOcr"
92-->src\main\AndroidManifest.xml:30:13-50
93            android:exported="false" />
93-->src\main\AndroidManifest.xml:31:13-37
94        <activity
94-->src\main\AndroidManifest.xml:32:9-42:20
95            android:name="pdf.dudepdftools.activity.MainEntryPoint"
95-->src\main\AndroidManifest.xml:33:13-52
96            android:exported="true" >
96-->src\main\AndroidManifest.xml:34:13-36
97
98            <!-- <intent-filter> -->
99            <!-- <action android:name="android.intent.action.MAIN" /> -->
100
101
102            <!-- <category android:name="android.intent.category.LAUNCHER" /> -->
103            <!-- </intent-filter> -->
104        </activity> <!-- Sample AdMob App ID: ca-app-pub-3940256099942544~3347511713 -->
105        <!-- <meta-data -->
106        <!-- android:name="com.google.android.gms.ads.APPLICATION_ID" -->
107        <!-- android:value="@string/Admob_app_id"/> -->
108        <activity
108-->src\main\AndroidManifest.xml:46:9-48:59
109            android:name="com.theartofdev.edmodo.cropper.CropImageActivity"
109-->src\main\AndroidManifest.xml:47:13-76
110            android:theme="@style/Base.Theme.AppCompat" />
110-->src\main\AndroidManifest.xml:48:13-56
111        <activity android:name="pdf.dudepdftools.activity.SplashActivity" >
111-->src\main\AndroidManifest.xml:49:9-55:20
111-->src\main\AndroidManifest.xml:49:19-58
112            <intent-filter>
112-->src\main\AndroidManifest.xml:50:13-54:29
113                <action android:name="android.intent.action.MAIN" />
113-->src\main\AndroidManifest.xml:51:17-69
113-->src\main\AndroidManifest.xml:51:25-66
114
115                <category android:name="android.intent.category.LAUNCHER" />
115-->src\main\AndroidManifest.xml:53:17-77
115-->src\main\AndroidManifest.xml:53:27-74
116            </intent-filter>
117        </activity>
118        <activity
118-->src\main\AndroidManifest.xml:56:9-79:20
119            android:name="pdf.dudepdftools.activity.MainActivity"
119-->src\main\AndroidManifest.xml:57:13-50
120            android:label="@string/app_name"
120-->src\main\AndroidManifest.xml:58:13-45
121            android:screenOrientation="portrait"
121-->src\main\AndroidManifest.xml:59:13-49
122            android:windowSoftInputMode="adjustPan" >
122-->src\main\AndroidManifest.xml:60:13-52
123            <intent-filter>
123-->src\main\AndroidManifest.xml:61:13-67:29
124                <action android:name="android.intent.action.SEND_MULTIPLE" />
124-->src\main\AndroidManifest.xml:62:17-78
124-->src\main\AndroidManifest.xml:62:25-75
125
126                <category android:name="android.intent.category.DEFAULT" />
126-->src\main\AndroidManifest.xml:64:17-76
126-->src\main\AndroidManifest.xml:64:27-73
127
128                <data android:mimeType="image/*" />
128-->src\main\AndroidManifest.xml:66:17-52
128-->src\main\AndroidManifest.xml:66:23-49
129            </intent-filter>
130            <intent-filter>
130-->src\main\AndroidManifest.xml:68:13-74:29
131                <action android:name="android.intent.action.SEND" />
131-->src\main\AndroidManifest.xml:69:17-69
131-->src\main\AndroidManifest.xml:69:25-66
132
133                <category android:name="android.intent.category.DEFAULT" />
133-->src\main\AndroidManifest.xml:64:17-76
133-->src\main\AndroidManifest.xml:64:27-73
134
135                <data android:mimeType="image/*" />
135-->src\main\AndroidManifest.xml:66:17-52
135-->src\main\AndroidManifest.xml:66:23-49
136            </intent-filter>
137
138            <meta-data
138-->src\main\AndroidManifest.xml:76:13-78:53
139                android:name="android.app.shortcuts"
139-->src\main\AndroidManifest.xml:77:17-53
140                android:resource="@xml/shortcuts" />
140-->src\main\AndroidManifest.xml:78:17-50
141        </activity>
142        <activity android:name="pdf.dudepdftools.activity.CropImageActivity" />
142-->src\main\AndroidManifest.xml:80:9-64
142-->src\main\AndroidManifest.xml:80:19-61
143
144        <provider
144-->src\main\AndroidManifest.xml:82:9-92:20
145            android:name="androidx.core.content.FileProvider"
145-->src\main\AndroidManifest.xml:83:13-62
146            android:authorities="com.pdf.dudepdftools"
146-->src\main\AndroidManifest.xml:84:13-55
147            android:exported="false"
147-->src\main\AndroidManifest.xml:85:13-37
148            android:grantUriPermissions="true" >
148-->src\main\AndroidManifest.xml:86:13-47
149            <meta-data
149-->src\main\AndroidManifest.xml:88:13-91:52
150                android:name="android.support.FILE_PROVIDER_PATHS"
150-->src\main\AndroidManifest.xml:89:17-67
151                android:resource="@xml/provider_paths" />
151-->src\main\AndroidManifest.xml:90:17-55
152        </provider>
153
154        <activity android:name="pdf.dudepdftools.activity.MainActivity2" />
154-->src\main\AndroidManifest.xml:94:9-60
154-->src\main\AndroidManifest.xml:94:19-57
155        <activity android:name="pdf.dudepdftools.activity.WelcomeActivity" />
155-->src\main\AndroidManifest.xml:95:9-62
155-->src\main\AndroidManifest.xml:95:19-59
156        <activity android:name="pdf.dudepdftools.activity.ImageEditor" />
156-->src\main\AndroidManifest.xml:96:9-58
156-->src\main\AndroidManifest.xml:96:19-55
157        <activity android:name="pdf.dudepdftools.activity.PreviewActivity" />
157-->src\main\AndroidManifest.xml:97:9-62
157-->src\main\AndroidManifest.xml:97:19-59
158        <activity android:name="pdf.dudepdftools.activity.RearrangeImages" />
158-->src\main\AndroidManifest.xml:98:9-62
158-->src\main\AndroidManifest.xml:98:19-59
159        <activity android:name="pdf.dudepdftools.activity.ImagesPreviewActivity" />
159-->src\main\AndroidManifest.xml:99:9-68
159-->src\main\AndroidManifest.xml:99:19-65
160        <activity android:name="pdf.dudepdftools.activity.RearrangePdfPages" />
160-->src\main\AndroidManifest.xml:100:9-64
160-->src\main\AndroidManifest.xml:100:19-61
161        <activity android:name="pdf.dudepdftools.activity.FavouritesActivity" />
161-->src\main\AndroidManifest.xml:101:9-65
161-->src\main\AndroidManifest.xml:101:19-62
162        <activity android:name="com.templatemela.camscanner.activity.BaseActivity" />
162-->[:scanner] AndroidManifest.xml:55:9-86
162-->[:scanner] AndroidManifest.xml:55:19-83
163        <activity
163-->[:scanner] AndroidManifest.xml:56:9-64:20
164            android:name="com.templatemela.camscanner.activity.SplashActivity"
164-->[:scanner] AndroidManifest.xml:57:13-79
165            android:screenOrientation="portrait" >
165-->[:scanner] AndroidManifest.xml:58:13-49
166
167            <!-- <intent-filter> -->
168            <!-- <action android:name="android.intent.action.MAIN" /> -->
169            <!-- <category android:name="android.intent.category.LAUNCHER" /> -->
170            <!-- </intent-filter> -->
171        </activity>
172        <activity
172-->[:scanner] AndroidManifest.xml:65:9-68:55
173            android:name="com.templatemela.camscanner.activity.MainActivity"
173-->[:scanner] AndroidManifest.xml:66:13-77
174            android:screenOrientation="portrait"
174-->[:scanner] AndroidManifest.xml:67:13-49
175            android:windowSoftInputMode="adjustPan" />
175-->[:scanner] AndroidManifest.xml:68:13-52
176        <activity
176-->[:scanner] AndroidManifest.xml:69:9-71:52
177            android:name="com.templatemela.camscanner.activity.ScannerActivity"
177-->[:scanner] AndroidManifest.xml:70:13-80
178            android:screenOrientation="portrait" /> <!-- <activity -->
178-->[:scanner] AndroidManifest.xml:71:13-49
179        <!-- android:name="com.yalantis.ucrop.UCropActivity" -->
180        <!-- android:theme="@style/uCropStyle" -->
181        <!-- android:screenOrientation="portrait" /> -->
182        <activity
182-->[:scanner] AndroidManifest.xml:76:9-78:52
183            android:name="com.templatemela.camscanner.activity.IDCardPreviewActivity"
183-->[:scanner] AndroidManifest.xml:77:13-86
184            android:screenOrientation="portrait" />
184-->[:scanner] AndroidManifest.xml:78:13-49
185        <activity
185-->[:scanner] AndroidManifest.xml:79:9-81:52
186            android:name="com.templatemela.camscanner.activity.CropDocumentActivity"
186-->[:scanner] AndroidManifest.xml:80:13-85
187            android:screenOrientation="portrait" />
187-->[:scanner] AndroidManifest.xml:81:13-49
188        <activity
188-->[:scanner] AndroidManifest.xml:82:9-84:52
189            android:name="com.templatemela.camscanner.activity.CurrentFilterActivity"
189-->[:scanner] AndroidManifest.xml:83:13-86
190            android:screenOrientation="portrait" />
190-->[:scanner] AndroidManifest.xml:84:13-49
191        <activity
191-->[:scanner] AndroidManifest.xml:85:9-87:52
192            android:name="com.templatemela.camscanner.activity.SavedDocumentActivity"
192-->[:scanner] AndroidManifest.xml:86:13-86
193            android:screenOrientation="portrait" />
193-->[:scanner] AndroidManifest.xml:87:13-49
194        <activity
194-->[:scanner] AndroidManifest.xml:88:9-91:59
195            android:name="com.templatemela.camscanner.activity.DocumentEditorActivity"
195-->[:scanner] AndroidManifest.xml:89:13-87
196            android:screenOrientation="portrait"
196-->[:scanner] AndroidManifest.xml:90:13-49
197            android:windowSoftInputMode="adjustNothing" />
197-->[:scanner] AndroidManifest.xml:91:13-56
198        <activity
198-->[:scanner] AndroidManifest.xml:92:9-94:52
199            android:name="com.templatemela.camscanner.activity.SavedEditDocumentActivity"
199-->[:scanner] AndroidManifest.xml:93:13-90
200            android:screenOrientation="portrait" />
200-->[:scanner] AndroidManifest.xml:94:13-49
201        <activity
201-->[:scanner] AndroidManifest.xml:95:9-97:52
202            android:name="com.templatemela.camscanner.activity.SavedDocumentPreviewActivity"
202-->[:scanner] AndroidManifest.xml:96:13-93
203            android:screenOrientation="portrait" />
203-->[:scanner] AndroidManifest.xml:97:13-49
204        <activity
204-->[:scanner] AndroidManifest.xml:98:9-100:52
205            android:name="com.templatemela.camscanner.activity.NoteActivity"
205-->[:scanner] AndroidManifest.xml:99:13-77
206            android:screenOrientation="portrait" />
206-->[:scanner] AndroidManifest.xml:100:13-49
207        <activity
207-->[:scanner] AndroidManifest.xml:101:9-103:52
208            android:name="com.templatemela.camscanner.activity.ImageToTextActivity"
208-->[:scanner] AndroidManifest.xml:102:13-84
209            android:screenOrientation="portrait" />
209-->[:scanner] AndroidManifest.xml:103:13-49
210        <activity
210-->[:scanner] AndroidManifest.xml:104:9-106:52
211            android:name="com.templatemela.camscanner.activity.GroupDocumentActivity"
211-->[:scanner] AndroidManifest.xml:105:13-86
212            android:screenOrientation="portrait" />
212-->[:scanner] AndroidManifest.xml:106:13-49
213        <activity
213-->[:scanner] AndroidManifest.xml:107:9-109:52
214            android:name="com.templatemela.camscanner.activity.PDFViewerActivity"
214-->[:scanner] AndroidManifest.xml:108:13-82
215            android:screenOrientation="portrait" />
215-->[:scanner] AndroidManifest.xml:109:13-49
216        <activity
216-->[:scanner] AndroidManifest.xml:110:9-112:52
217            android:name="com.templatemela.camscanner.activity.QRGenerateActivity"
217-->[:scanner] AndroidManifest.xml:111:13-83
218            android:screenOrientation="portrait" />
218-->[:scanner] AndroidManifest.xml:112:13-49
219        <activity
219-->[:scanner] AndroidManifest.xml:113:9-115:52
220            android:name="com.templatemela.camscanner.activity.QRReaderActivity"
220-->[:scanner] AndroidManifest.xml:114:13-81
221            android:screenOrientation="portrait" />
221-->[:scanner] AndroidManifest.xml:115:13-49
222        <activity
222-->[:scanner] AndroidManifest.xml:116:9-118:52
223            android:name="com.templatemela.camscanner.activity.PrivacyPolicyActivity"
223-->[:scanner] AndroidManifest.xml:117:13-86
224            android:screenOrientation="portrait" />
224-->[:scanner] AndroidManifest.xml:118:13-49
225
226        <meta-data
226-->[:scanner] AndroidManifest.xml:120:9-122:35
227            android:name="com.google.android.gms.vision.DEPENDENCIES"
227-->[:scanner] AndroidManifest.xml:121:13-70
228            android:value="ocr" />
228-->[:scanner] AndroidManifest.xml:122:13-32
229
230        <activity android:name="com.zhihu.matisse.ui.MatisseActivity" />
230-->[com.zhihu.android:matisse:0.5.3-beta3] AndroidManifest.xml:28:9-73
230-->[com.zhihu.android:matisse:0.5.3-beta3] AndroidManifest.xml:28:19-70
231        <activity android:name="com.zhihu.matisse.internal.ui.AlbumPreviewActivity" />
231-->[com.zhihu.android:matisse:0.5.3-beta3] AndroidManifest.xml:29:9-87
231-->[com.zhihu.android:matisse:0.5.3-beta3] AndroidManifest.xml:29:19-84
232        <activity android:name="com.zhihu.matisse.internal.ui.SelectedPreviewActivity" />
232-->[com.zhihu.android:matisse:0.5.3-beta3] AndroidManifest.xml:30:9-90
232-->[com.zhihu.android:matisse:0.5.3-beta3] AndroidManifest.xml:30:19-87
233        <activity
233-->[com.github.nguyenhoanglam:ImagePicker:1.4.3] AndroidManifest.xml:16:9-19:67
234            android:name="com.nguyenhoanglam.imagepicker.ui.imagepicker.ImagePickerActivity"
234-->[com.github.nguyenhoanglam:ImagePicker:1.4.3] AndroidManifest.xml:17:13-93
235            android:configChanges="orientation|screenSize"
235-->[com.github.nguyenhoanglam:ImagePicker:1.4.3] AndroidManifest.xml:18:13-59
236            android:theme="@style/imagepicker_ImagePickerTheme" />
236-->[com.github.nguyenhoanglam:ImagePicker:1.4.3] AndroidManifest.xml:19:13-64
237        <activity
237-->[com.github.nguyenhoanglam:ImagePicker:1.4.3] AndroidManifest.xml:20:9-24:57
238            android:name="com.nguyenhoanglam.imagepicker.ui.camera.CameraActivity"
238-->[com.github.nguyenhoanglam:ImagePicker:1.4.3] AndroidManifest.xml:21:13-83
239            android:screenOrientation="unspecified"
239-->[com.github.nguyenhoanglam:ImagePicker:1.4.3] AndroidManifest.xml:22:13-52
240            android:theme="@style/imagepicker_CameraTheme" />
240-->[com.github.nguyenhoanglam:ImagePicker:1.4.3] AndroidManifest.xml:23:13-59
241
242        <receiver
242-->[com.onesignal:OneSignal:4.4.0] AndroidManifest.xml:49:9-59:20
243            android:name="com.onesignal.FCMBroadcastReceiver"
243-->[com.onesignal:OneSignal:4.4.0] AndroidManifest.xml:50:13-62
244            android:permission="com.google.android.c2dm.permission.SEND" >
244-->[com.onesignal:OneSignal:4.4.0] AndroidManifest.xml:51:13-73
245
246            <!-- High priority so OneSignal payloads can be filtered from other FCM receivers -->
247            <intent-filter android:priority="999" >
247-->[com.onesignal:OneSignal:4.4.0] AndroidManifest.xml:54:13-58:29
247-->[com.onesignal:OneSignal:4.4.0] AndroidManifest.xml:54:28-50
248                <action android:name="com.google.android.c2dm.intent.RECEIVE" />
248-->[com.onesignal:OneSignal:4.4.0] AndroidManifest.xml:55:17-81
248-->[com.onesignal:OneSignal:4.4.0] AndroidManifest.xml:55:25-78
249
250                <category android:name="pdf.dudepdftools" />
250-->[com.onesignal:OneSignal:4.4.0] AndroidManifest.xml:57:17-61
250-->[com.onesignal:OneSignal:4.4.0] AndroidManifest.xml:57:27-58
251            </intent-filter>
252        </receiver>
253
254        <service
254-->[com.onesignal:OneSignal:4.4.0] AndroidManifest.xml:61:9-67:19
255            android:name="com.onesignal.HmsMessageServiceOneSignal"
255-->[com.onesignal:OneSignal:4.4.0] AndroidManifest.xml:62:13-68
256            android:exported="false" >
256-->[com.onesignal:OneSignal:4.4.0] AndroidManifest.xml:63:13-37
257            <intent-filter>
257-->[com.onesignal:OneSignal:4.4.0] AndroidManifest.xml:64:13-66:29
258                <action android:name="com.huawei.push.action.MESSAGING_EVENT" />
258-->[com.onesignal:OneSignal:4.4.0] AndroidManifest.xml:65:17-81
258-->[com.onesignal:OneSignal:4.4.0] AndroidManifest.xml:65:25-78
259            </intent-filter>
260        </service>
261
262        <activity
262-->[com.onesignal:OneSignal:4.4.0] AndroidManifest.xml:69:9-76:20
263            android:name="com.onesignal.NotificationOpenedActivityHMS"
263-->[com.onesignal:OneSignal:4.4.0] AndroidManifest.xml:70:13-71
264            android:noHistory="true"
264-->[com.onesignal:OneSignal:4.4.0] AndroidManifest.xml:71:13-37
265            android:theme="@android:style/Theme.Translucent.NoTitleBar" >
265-->[com.onesignal:OneSignal:4.4.0] AndroidManifest.xml:72:13-72
266            <intent-filter>
266-->[com.onesignal:OneSignal:4.4.0] AndroidManifest.xml:73:13-75:29
267                <action android:name="android.intent.action.VIEW" />
267-->[com.onesignal:OneSignal:4.4.0] AndroidManifest.xml:74:17-69
267-->[com.onesignal:OneSignal:4.4.0] AndroidManifest.xml:74:25-66
268            </intent-filter>
269        </activity>
270
271        <service android:name="com.onesignal.FCMIntentService" />
271-->[com.onesignal:OneSignal:4.4.0] AndroidManifest.xml:78:9-66
271-->[com.onesignal:OneSignal:4.4.0] AndroidManifest.xml:78:18-63
272        <service
272-->[com.onesignal:OneSignal:4.4.0] AndroidManifest.xml:79:9-81:72
273            android:name="com.onesignal.FCMIntentJobService"
273-->[com.onesignal:OneSignal:4.4.0] AndroidManifest.xml:80:13-61
274            android:permission="android.permission.BIND_JOB_SERVICE" />
274-->[com.onesignal:OneSignal:4.4.0] AndroidManifest.xml:81:13-69
275        <service
275-->[com.onesignal:OneSignal:4.4.0] AndroidManifest.xml:82:9-84:43
276            android:name="com.onesignal.FocusDelaySyncService"
276-->[com.onesignal:OneSignal:4.4.0] AndroidManifest.xml:83:13-63
277            android:stopWithTask="true" />
277-->[com.onesignal:OneSignal:4.4.0] AndroidManifest.xml:84:13-40
278        <service
278-->[com.onesignal:OneSignal:4.4.0] AndroidManifest.xml:85:9-87:72
279            android:name="com.onesignal.FocusDelaySyncJobService"
279-->[com.onesignal:OneSignal:4.4.0] AndroidManifest.xml:86:13-66
280            android:permission="android.permission.BIND_JOB_SERVICE" />
280-->[com.onesignal:OneSignal:4.4.0] AndroidManifest.xml:87:13-69
281        <service
281-->[com.onesignal:OneSignal:4.4.0] AndroidManifest.xml:88:9-90:43
282            android:name="com.onesignal.SyncService"
282-->[com.onesignal:OneSignal:4.4.0] AndroidManifest.xml:89:13-53
283            android:stopWithTask="true" />
283-->[com.onesignal:OneSignal:4.4.0] AndroidManifest.xml:90:13-40
284        <service
284-->[com.onesignal:OneSignal:4.4.0] AndroidManifest.xml:91:9-93:72
285            android:name="com.onesignal.SyncJobService"
285-->[com.onesignal:OneSignal:4.4.0] AndroidManifest.xml:92:13-56
286            android:permission="android.permission.BIND_JOB_SERVICE" />
286-->[com.onesignal:OneSignal:4.4.0] AndroidManifest.xml:93:13-69
287
288        <activity
288-->[com.onesignal:OneSignal:4.4.0] AndroidManifest.xml:95:9-97:75
289            android:name="com.onesignal.PermissionsActivity"
289-->[com.onesignal:OneSignal:4.4.0] AndroidManifest.xml:96:13-61
290            android:theme="@android:style/Theme.Translucent.NoTitleBar" />